<?xml version="1.0" encoding="UTF-8"?>
<!-- Generated by org.testng.reporters.JUnitReportReporter -->
<testsuite hostname="srisaran" failures="0" tests="5" name="TestRunner.Testrunner" time="236.996" errors="0" timestamp="2024-01-12T20:12:39 PST" skipped="0">
  <testcase classname="TestRunner.Testrunner" name="runScenario" time="111.453"/>
  <testcase classname="TestRunner.Testrunner" name="runScenario" time="5.801"/>
  <testcase classname="TestRunner.Testrunner" name="runScenario" time="15.280"/>
  <testcase classname="TestRunner.Testrunner" name="runScenario" time="32.434"/>
  <testcase classname="TestRunner.Testrunner" name="runScenario" time="72.028"/>
</testsuite> <!-- TestRunner.Testrunner -->
